<?xml version="1.0" encoding="UTF-8"?>
<!-- Generated by org.testng.reporters.JUnitXMLReporter -->
<testsuite hostname="DESKTOP-I4QDLMG" ignored="0" name="TestAssignment" tests="3" failures="0" timestamp="19 Dec 2019 19:19:53 GMT" time="68.667" errors="0">
  <testcase name="UploadPNGImage" time="39.894" classname="com.test.testcases.Files_UploadImages"/>
  <testcase name="UploadJPEGImage" time="22.298" classname="com.test.testcases.Files_UploadImages"/>
  <testcase name="DeleteImage" time="6.024" classname="com.test.testcases.Files_UploadImages"/>
</testsuite> <!-- TestAssignment -->
